#
# There is insufficient memory for the Java Runtime Environment to continue.
# Native memory allocation (malloc) failed to allocate 2009760 bytes. Error detail: Chunk::new
# Possible reasons:
#   The system is out of physical RAM or swap space
#   This process is running with CompressedOops enabled, and the Java Heap may be blocking the growth of the native heap
# Possible solutions:
#   Reduce memory load on the system
#   Increase physical memory or swap space
#   Check if swap backing store is full
#   Decrease Java heap size (-Xmx/-Xms)
#   Decrease number of Java threads
#   Decrease Java thread stack sizes (-Xss)
#   Set larger code cache with -XX:ReservedCodeCacheSize=
#   JVM is running with Unscaled Compressed Oops mode in which the Java heap is
#     placed in the first 4GB address space. The Java Heap base address is the
#     maximum limit for the native heap growth. Please use -XX:HeapBaseMinAddress
#     to set the Java Heap base and to place the Java Heap above 4GB virtual address.
# This output file may be truncated or incomplete.
#
#  Out of Memory Error (arena.cpp:168), pid=23364, tid=14516
#
# JRE version: OpenJDK Runtime Environment Temurin-21.0.7+6 (21.0.7+6) (build 21.0.7+6-LTS)
# Java VM: OpenJDK 64-Bit Server VM Temurin-21.0.7+6 (21.0.7+6-LTS, mixed mode, sharing, tiered, compressed oops, compressed class ptrs, parallel gc, windows-amd64)
# No core dump will be written. Minidumps are not enabled by default on client versions of Windows
#

---------------  S U M M A R Y ------------

Command Line: --add-modules=ALL-SYSTEM --add-opens=java.base/java.util=ALL-UNNAMED --add-opens=java.base/java.lang=ALL-UNNAMED --add-opens=java.base/sun.nio.fs=ALL-UNNAMED -Declipse.application=org.eclipse.jdt.ls.core.id1 -Dosgi.bundles.defaultStartLevel=4 -Declipse.product=org.eclipse.jdt.ls.core.product -Djava.import.generatesMetadataFilesAtProjectRoot=false -DDetectVMInstallationsJob.disabled=true -Dfile.encoding=utf8 -XX:+UseParallelGC -XX:GCTimeRatio=4 -XX:AdaptiveSizePolicyWeight=90 -Dsun.zip.disableMemoryMapping=true -Xmx1G -Xms100m -Xlog:disable -javaagent:c:\Users\mradu\.vscode\extensions\redhat.java-1.42.0-win32-x64\lombok\lombok-1.18.36.jar -XX:+HeapDumpOnOutOfMemoryError -XX:HeapDumpPath=c:\Users\mradu\AppData\Roaming\Code\User\workspaceStorage\5193d10c7c1b1c90cb3d37a2dbb28df4\redhat.java -Daether.dependencyCollector.impl=bf c:\Users\mradu\.vscode\extensions\redhat.java-1.42.0-win32-x64\server\plugins\org.eclipse.equinox.launcher_1.7.0.v20250424-1814.jar -configuration c:\Users\mradu\AppData\Roaming\Code\User\globalStorage\redhat.java\1.42.0\config_win -data c:\Users\mradu\AppData\Roaming\Code\User\workspaceStorage\5193d10c7c1b1c90cb3d37a2dbb28df4\redhat.java\jdt_ws --pipe=\\.\pipe\lsp-d2508342508bb9043f84ec7304aa2b02-sock

Host: 13th Gen Intel(R) Core(TM) i5-13420H, 12 cores, 15G,  Windows 11 , 64 bit Build 26100 (10.0.26100.4202)
Time: Wed Jun 11 10:32:00 2025 India Standard Time elapsed time: 13.363288 seconds (0d 0h 0m 13s)

---------------  T H R E A D  ---------------

Current thread (0x00000241e59a04a0):  JavaThread "C2 CompilerThread0" daemon [_thread_in_native, id=14516, stack(0x000000a020e00000,0x000000a020f00000) (1024K)]


Current CompileTask:
C2:13363 7859 %     4       org.eclipse.jdt.internal.core.search.indexing.BinaryIndexer::extractReferenceFromConstantPool @ 155 (358 bytes)

Stack: [0x000000a020e00000,0x000000a020f00000]
Native frames: (J=compiled Java code, j=interpreted, Vv=VM code, C=native code)
V  [jvm.dll+0x6ce119]
V  [jvm.dll+0x8a84a1]
V  [jvm.dll+0x8aa9ce]
V  [jvm.dll+0x8ab0b3]
V  [jvm.dll+0x27f8a6]
V  [jvm.dll+0xc507d]
V  [jvm.dll+0xc55b3]
V  [jvm.dll+0x3b692c]
V  [jvm.dll+0x382aa5]
V  [jvm.dll+0x381f0a]
V  [jvm.dll+0x247af0]
V  [jvm.dll+0x2470cf]
V  [jvm.dll+0x1c760e]
V  [jvm.dll+0x25695a]
V  [jvm.dll+0x254efa]
V  [jvm.dll+0x3f03f6]
V  [jvm.dll+0x851f6b]
V  [jvm.dll+0x6cc7dd]
C  [ucrtbase.dll+0x37b0]
C  [KERNEL32.DLL+0x2e8d7]
C  [ntdll.dll+0x3c34c]


---------------  P R O C E S S  ---------------

Threads class SMR info:
_java_thread_list=0x00000241ec5b5c20, length=66, elements={
0x00000241cf58ac80, 0x00000241e5990080, 0x00000241e5993360, 0x00000241e5999680,
0x00000241e59982d0, 0x00000241e5998960, 0x00000241e5999d10, 0x00000241e59a04a0,
0x00000241e5a1c320, 0x00000241e599a3a0, 0x00000241e5996f20, 0x00000241e5998ff0,
0x00000241e59975b0, 0x00000241e5997c40, 0x00000241eaa7f470, 0x00000241eaa7ede0,
0x00000241eaa828f0, 0x00000241eaa80eb0, 0x00000241eaa82f80, 0x00000241eaa80190,
0x00000241eaa82260, 0x00000241ec867010, 0x00000241ec172230, 0x00000241eaa7fb00,
0x00000241eaa83610, 0x00000241eaa83ca0, 0x00000241eaa80820, 0x00000241eaa84330,
0x00000241eaa81bd0, 0x00000241eaa849c0, 0x00000241eaa85050, 0x00000241eaa85d70,
0x00000241eaa86400, 0x00000241eaa856e0, 0x00000241ec77c300, 0x00000241ec779510,
0x00000241ec77a230, 0x00000241ec77af50, 0x00000241ec779ba0, 0x00000241ec77bc70,
0x00000241ec778e80, 0x00000241ec77a8c0, 0x00000241ec77b5e0, 0x00000241ec7dbd60,
0x00000241ec7dc3f0, 0x00000241ec7d8f70, 0x00000241ec7db040, 0x00000241ec7da320,
0x00000241ec7da9b0, 0x00000241ec7dca80, 0x00000241ec7d9600, 0x00000241ec7dd110,
0x00000241ec7d9c90, 0x00000241ec7deb50, 0x00000241ec7dd7a0, 0x00000241ec7df870,
0x00000241ec7dff00, 0x00000241ec7e0590, 0x00000241ec7dde30, 0x00000241ec7de4c0,
0x00000241ec7df1e0, 0x00000241eaa81540, 0x00000241ed877730, 0x00000241ed879170,
0x00000241ed878ae0, 0x00000241ed879800
}

Java Threads: ( => current thread )
  0x00000241cf58ac80 JavaThread "main"                              [_thread_blocked, id=14260, stack(0x000000a020400000,0x000000a020500000) (1024K)]
  0x00000241e5990080 JavaThread "Reference Handler"          daemon [_thread_blocked, id=24716, stack(0x000000a020800000,0x000000a020900000) (1024K)]
  0x00000241e5993360 JavaThread "Finalizer"                  daemon [_thread_blocked, id=17960, stack(0x000000a020900000,0x000000a020a00000) (1024K)]
  0x00000241e5999680 JavaThread "Signal Dispatcher"          daemon [_thread_blocked, id=408, stack(0x000000a020a00000,0x000000a020b00000) (1024K)]
  0x00000241e59982d0 JavaThread "Attach Listener"            daemon [_thread_blocked, id=14796, stack(0x000000a020b00000,0x000000a020c00000) (1024K)]
  0x00000241e5998960 JavaThread "Service Thread"             daemon [_thread_blocked, id=15480, stack(0x000000a020c00000,0x000000a020d00000) (1024K)]
  0x00000241e5999d10 JavaThread "Monitor Deflation Thread"   daemon [_thread_blocked, id=6576, stack(0x000000a020d00000,0x000000a020e00000) (1024K)]
=>0x00000241e59a04a0 JavaThread "C2 CompilerThread0"         daemon [_thread_in_native, id=14516, stack(0x000000a020e00000,0x000000a020f00000) (1024K)]
  0x00000241e5a1c320 JavaThread "C1 CompilerThread0"         daemon [_thread_blocked, id=20324, stack(0x000000a020f00000,0x000000a021000000) (1024K)]
  0x00000241e599a3a0 JavaThread "Common-Cleaner"             daemon [_thread_blocked, id=1688, stack(0x000000a021000000,0x000000a021100000) (1024K)]
  0x00000241e5996f20 JavaThread "Notification Thread"        daemon [_thread_blocked, id=13008, stack(0x000000a021100000,0x000000a021200000) (1024K)]
  0x00000241e5998ff0 JavaThread "Active Thread: Equinox Container: 952dec3d-a30d-4b5a-9790-9a665db7f9ad"        [_thread_blocked, id=7536, stack(0x000000a021a00000,0x000000a021b00000) (1024K)]
  0x00000241e59975b0 JavaThread "Refresh Thread: Equinox Container: 952dec3d-a30d-4b5a-9790-9a665db7f9ad" daemon [_thread_blocked, id=8, stack(0x000000a021b00000,0x000000a021c00000) (1024K)]
  0x00000241e5997c40 JavaThread "Framework Event Dispatcher: Equinox Container: 952dec3d-a30d-4b5a-9790-9a665db7f9ad" daemon [_thread_blocked, id=16360, stack(0x000000a021d00000,0x000000a021e00000) (1024K)]
  0x00000241eaa7f470 JavaThread "Start Level: Equinox Container: 952dec3d-a30d-4b5a-9790-9a665db7f9ad" daemon [_thread_blocked, id=25420, stack(0x000000a021e00000,0x000000a021f00000) (1024K)]
  0x00000241eaa7ede0 JavaThread "Bundle File Closer"         daemon [_thread_blocked, id=11400, stack(0x000000a022100000,0x000000a022200000) (1024K)]
  0x00000241eaa828f0 JavaThread "SCR Component Actor"        daemon [_thread_blocked, id=19992, stack(0x000000a022200000,0x000000a022300000) (1024K)]
  0x00000241eaa80eb0 JavaThread "Worker-JM"                         [_thread_blocked, id=17800, stack(0x000000a022400000,0x000000a022500000) (1024K)]
  0x00000241eaa82f80 JavaThread "JNA Cleaner"                daemon [_thread_blocked, id=2008, stack(0x000000a022500000,0x000000a022600000) (1024K)]
  0x00000241eaa80190 JavaThread "Worker-0: Java indexing... "        [_thread_blocked, id=15636, stack(0x000000a022600000,0x000000a022700000) (1024K)]
  0x00000241eaa82260 JavaThread "Worker-1"                          [_thread_blocked, id=16188, stack(0x000000a022700000,0x000000a022800000) (1024K)]
  0x00000241ec867010 JavaThread "C2 CompilerThread1"         daemon [_thread_in_native, id=5856, stack(0x000000a021200000,0x000000a021300000) (1024K)]
  0x00000241ec172230 JavaThread "C2 CompilerThread2"         daemon [_thread_in_native, id=16156, stack(0x000000a021300000,0x000000a021400000) (1024K)]
  0x00000241eaa7fb00 JavaThread "Java indexing"              daemon [_thread_in_Java, id=14952, stack(0x000000a022800000,0x000000a022900000) (1024K)]
  0x00000241eaa83610 JavaThread "Worker-2: Initialize workspace"        [_thread_in_native, id=10588, stack(0x000000a022900000,0x000000a022a00000) (1024K)]
  0x00000241eaa83ca0 JavaThread "Worker-3"                          [_thread_blocked, id=16456, stack(0x000000a022a00000,0x000000a022b00000) (1024K)]
  0x00000241eaa80820 JavaThread "Worker-4"                          [_thread_blocked, id=5908, stack(0x000000a022d00000,0x000000a022e00000) (1024K)]
  0x00000241eaa84330 JavaThread "Worker-5"                          [_thread_blocked, id=12216, stack(0x000000a022e00000,0x000000a022f00000) (1024K)]
  0x00000241eaa81bd0 JavaThread "Thread-2"                   daemon [_thread_in_native, id=19660, stack(0x000000a022f00000,0x000000a023000000) (1024K)]
  0x00000241eaa849c0 JavaThread "Thread-3"                   daemon [_thread_in_native, id=23616, stack(0x000000a023000000,0x000000a023100000) (1024K)]
  0x00000241eaa85050 JavaThread "Thread-4"                   daemon [_thread_in_native, id=24736, stack(0x000000a023100000,0x000000a023200000) (1024K)]
  0x00000241eaa85d70 JavaThread "Thread-5"                   daemon [_thread_in_native, id=21696, stack(0x000000a023200000,0x000000a023300000) (1024K)]
  0x00000241eaa86400 JavaThread "Thread-6"                   daemon [_thread_in_native, id=17992, stack(0x000000a023300000,0x000000a023400000) (1024K)]
  0x00000241eaa856e0 JavaThread "Thread-7"                   daemon [_thread_in_native, id=12528, stack(0x000000a023400000,0x000000a023500000) (1024K)]
  0x00000241ec77c300 JavaThread "Thread-8"                   daemon [_thread_in_native, id=20152, stack(0x000000a023500000,0x000000a023600000) (1024K)]
  0x00000241ec779510 JavaThread "Thread-9"                   daemon [_thread_in_native, id=17036, stack(0x000000a023600000,0x000000a023700000) (1024K)]
  0x00000241ec77a230 JavaThread "Thread-10"                  daemon [_thread_in_native, id=23288, stack(0x000000a023700000,0x000000a023800000) (1024K)]
  0x00000241ec77af50 JavaThread "Thread-11"                  daemon [_thread_in_native, id=6132, stack(0x000000a023800000,0x000000a023900000) (1024K)]
  0x00000241ec779ba0 JavaThread "Thread-12"                  daemon [_thread_in_native, id=4572, stack(0x000000a023900000,0x000000a023a00000) (1024K)]
  0x00000241ec77bc70 JavaThread "Thread-13"                  daemon [_thread_in_native, id=20052, stack(0x000000a023a00000,0x000000a023b00000) (1024K)]
  0x00000241ec778e80 JavaThread "Thread-14"                  daemon [_thread_in_native, id=15728, stack(0x000000a023b00000,0x000000a023c00000) (1024K)]
  0x00000241ec77a8c0 JavaThread "pool-2-thread-1"                   [_thread_blocked, id=1536, stack(0x000000a023c00000,0x000000a023d00000) (1024K)]
  0x00000241ec77b5e0 JavaThread "WorkspaceEventsHandler"            [_thread_blocked, id=2304, stack(0x000000a023d00000,0x000000a023e00000) (1024K)]
  0x00000241ec7dbd60 JavaThread "pool-1-thread-1"                   [_thread_blocked, id=16840, stack(0x000000a023e00000,0x000000a023f00000) (1024K)]
  0x00000241ec7dc3f0 JavaThread "Compiler Source File Reader" daemon [_thread_blocked, id=6640, stack(0x000000a023f00000,0x000000a024000000) (1024K)]
  0x00000241ec7d8f70 JavaThread "Compiler Source File Reader" daemon [_thread_blocked, id=2228, stack(0x000000a024000000,0x000000a024100000) (1024K)]
  0x00000241ec7db040 JavaThread "Compiler Source File Reader" daemon [_thread_blocked, id=8928, stack(0x000000a024100000,0x000000a024200000) (1024K)]
  0x00000241ec7da320 JavaThread "Compiler Source File Reader" daemon [_thread_blocked, id=20580, stack(0x000000a024200000,0x000000a024300000) (1024K)]
  0x00000241ec7da9b0 JavaThread "Compiler Source File Reader" daemon [_thread_blocked, id=19968, stack(0x000000a024300000,0x000000a024400000) (1024K)]
  0x00000241ec7dca80 JavaThread "Compiler Source File Reader" daemon [_thread_blocked, id=25120, stack(0x000000a024400000,0x000000a024500000) (1024K)]
  0x00000241ec7d9600 JavaThread "Compiler Source File Reader" daemon [_thread_blocked, id=10148, stack(0x000000a024500000,0x000000a024600000) (1024K)]
  0x00000241ec7dd110 JavaThread "Compiler Source File Reader" daemon [_thread_blocked, id=10904, stack(0x000000a024600000,0x000000a024700000) (1024K)]
  0x00000241ec7d9c90 JavaThread "Compiler Source File Reader" daemon [_thread_blocked, id=19532, stack(0x000000a024700000,0x000000a024800000) (1024K)]
  0x00000241ec7deb50 JavaThread "Compiler Source File Reader" daemon [_thread_blocked, id=24380, stack(0x000000a024800000,0x000000a024900000) (1024K)]
  0x00000241ec7dd7a0 JavaThread "Compiler Processing Task"   daemon [_thread_blocked, id=23560, stack(0x000000a022300000,0x000000a022400000) (1024K)]
  0x00000241ec7df870 JavaThread "Compiler Class File Writer" daemon [_thread_blocked, id=1624, stack(0x000000a024900000,0x000000a024a00000) (1024K)]
  0x00000241ec7dff00 JavaThread "Compiler Class File Writer" daemon [_thread_blocked, id=9964, stack(0x000000a024a00000,0x000000a024b00000) (1024K)]
  0x00000241ec7e0590 JavaThread "Compiler Class File Writer" daemon [_thread_blocked, id=11792, stack(0x000000a024b00000,0x000000a024c00000) (1024K)]
  0x00000241ec7dde30 JavaThread "Compiler Class File Writer" daemon [_thread_blocked, id=12532, stack(0x000000a024c00000,0x000000a024d00000) (1024K)]
  0x00000241ec7de4c0 JavaThread "Compiler Class File Writer" daemon [_thread_blocked, id=4008, stack(0x000000a024d00000,0x000000a024e00000) (1024K)]
  0x00000241ec7df1e0 JavaThread "Compiler Class File Writer" daemon [_thread_blocked, id=18988, stack(0x000000a024e00000,0x000000a024f00000) (1024K)]
  0x00000241eaa81540 JavaThread "Compiler Class File Writer" daemon [_thread_blocked, id=6792, stack(0x000000a024f00000,0x000000a025000000) (1024K)]
  0x00000241ed877730 JavaThread "Compiler Class File Writer" daemon [_thread_blocked, id=5128, stack(0x000000a025000000,0x000000a025100000) (1024K)]
  0x00000241ed879170 JavaThread "Compiler Class File Writer" daemon [_thread_blocked, id=15320, stack(0x000000a025100000,0x000000a025200000) (1024K)]
  0x00000241ed878ae0 JavaThread "Compiler Class File Writer" daemon [_thread_blocked, id=24256, stack(0x000000a025200000,0x000000a025300000) (1024K)]
  0x00000241ed879800 JavaThread "Worker-6"                          [_thread_blocked, id=13768, stack(0x000000a025300000,0x000000a025400000) (1024K)]
Total: 66

Other Threads:
  0x00000241e3965120 VMThread "VM Thread"                           [id=21656, stack(0x000000a020700000,0x000000a020800000) (1024K)]
  0x00000241e385cb20 WatcherThread "VM Periodic Task Thread"        [id=21720, stack(0x000000a020600000,0x000000a020700000) (1024K)]
  0x00000241cf5a90f0 WorkerThread "GC Thread#0"                     [id=392, stack(0x000000a020500000,0x000000a020600000) (1024K)]
  0x00000241ea82cc80 WorkerThread "GC Thread#1"                     [id=21308, stack(0x000000a021400000,0x000000a021500000) (1024K)]
  0x00000241ea82d020 WorkerThread "GC Thread#2"                     [id=21296, stack(0x000000a021500000,0x000000a021600000) (1024K)]
  0x00000241ea4f1420 WorkerThread "GC Thread#3"                     [id=4088, stack(0x000000a021600000,0x000000a021700000) (1024K)]
  0x00000241ea4f17c0 WorkerThread "GC Thread#4"                     [id=23544, stack(0x000000a021700000,0x000000a021800000) (1024K)]
  0x00000241ea91f590 WorkerThread "GC Thread#5"                     [id=19148, stack(0x000000a021800000,0x000000a021900000) (1024K)]
  0x00000241ea91f930 WorkerThread "GC Thread#6"                     [id=1240, stack(0x000000a021900000,0x000000a021a00000) (1024K)]
  0x00000241eabbc2d0 WorkerThread "GC Thread#7"                     [id=6104, stack(0x000000a021c00000,0x000000a021d00000) (1024K)]
  0x00000241eabbca10 WorkerThread "GC Thread#8"                     [id=13496, stack(0x000000a021f00000,0x000000a022000000) (1024K)]
  0x00000241eabbbf30 WorkerThread "GC Thread#9"                     [id=25500, stack(0x000000a022000000,0x000000a022100000) (1024K)]
Total: 12

Threads with active compile tasks:
C2 CompilerThread0  13386 7859 %     4       org.eclipse.jdt.internal.core.search.indexing.BinaryIndexer::extractReferenceFromConstantPool @ 155 (358 bytes)
C2 CompilerThread1  13386 7956       4       sun.nio.fs.Globs::toRegexPattern (745 bytes)
C2 CompilerThread2  13387 7948       4       org.eclipse.jdt.internal.core.search.matching.ConstructorPattern::createDeclarationIndexKey (583 bytes)
Total: 3

VM state: not at safepoint (normal execution)

VM Mutex/Monitor currently owned by a thread: None

Heap address: 0x00000000c0000000, size: 1024 MB, Compressed Oops mode: 32-bit

CDS archive(s) mapped at: [0x0000024180000000-0x0000024180ba0000-0x0000024180ba0000), size 12189696, SharedBaseAddress: 0x0000024180000000, ArchiveRelocationMode: 1.
Compressed class space mapped at: 0x0000024181000000-0x00000241c1000000, reserved size: 1073741824
Narrow klass base: 0x0000024180000000, Narrow klass shift: 0, Narrow klass range: 0x100000000

GC Precious Log:
 CardTable entry size: 512
 CPUs: 12 total, 12 available
 Memory: 16087M
 Large Page Support: Disabled
 NUMA Support: Disabled
 Compressed Oops: Enabled (32-bit)
 Alignments: Space 512K, Generation 512K, Heap 2M
 Heap Min Capacity: 100M
 Heap Initial Capacity: 100M
 Heap Max Capacity: 1G
 Pre-touch: Disabled
 Parallel Workers: 10

Heap:
 PSYoungGen      total 15872K, used 12126K [0x00000000eab00000, 0x00000000ec000000, 0x0000000100000000)
  eden space 12800K, 72% used [0x00000000eab00000,0x00000000eb402470,0x00000000eb780000)
  from space 3072K, 94% used [0x00000000eb780000,0x00000000eba55778,0x00000000eba80000)
  to   space 3072K, 0% used [0x00000000ebd00000,0x00000000ebd00000,0x00000000ec000000)
 ParOldGen       total 146944K, used 146739K [0x00000000c0000000, 0x00000000c8f80000, 0x00000000eab00000)
  object space 146944K, 99% used [0x00000000c0000000,0x00000000c8f4ccb8,0x00000000c8f80000)
 Metaspace       used 56302K, committed 57536K, reserved 1114112K
  class space    used 5882K, committed 6400K, reserved 1048576K

Card table byte_map: [0x00000241cef30000,0x00000241cf140000] _byte_map_base: 0x00000241ce930000

Marking Bits: (ParMarkBitMap*) 0x00007ffb414631f0
 Begin Bits: [0x00000241e1780000, 0x00000241e2780000)
 End Bits:   [0x00000241e2780000, 0x00000241e3780000)

Polling page: 0x00000241cd420000

Metaspace:

Usage:
  Non-class:     49.24 MB used.
      Class:      5.74 MB used.
       Both:     54.98 MB used.

Virtual space:
  Non-class space:       64.00 MB reserved,      49.94 MB ( 78%) committed,  1 nodes.
      Class space:        1.00 GB reserved,       6.25 MB ( <1%) committed,  1 nodes.
             Both:        1.06 GB reserved,      56.19 MB (  5%) committed. 

Chunk freelists:
   Non-Class:  13.48 MB
       Class:  9.71 MB
        Both:  23.19 MB

MaxMetaspaceSize: unlimited
CompressedClassSpaceSize: 1.00 GB
Initial GC threshold: 21.00 MB
Current GC threshold: 58.38 MB
CDS: on
 - commit_granule_bytes: 65536.
 - commit_granule_words: 8192.
 - virtual_space_node_default_size: 8388608.
 - enlarge_chunks_in_place: 1.
 - use_allocation_guard: 0.


Internal statistics:

num_allocs_failed_limit: 6.
num_arena_births: 960.
num_arena_deaths: 26.
num_vsnodes_births: 2.
num_vsnodes_deaths: 0.
num_space_committed: 899.
num_space_uncommitted: 0.
num_chunks_returned_to_freelist: 36.
num_chunks_taken_from_freelist: 3447.
num_chunk_merges: 14.
num_chunk_splits: 2183.
num_chunks_enlarged: 1338.
num_inconsistent_stats: 0.

CodeHeap 'non-profiled nmethods': size=120000Kb used=5219Kb max_used=5219Kb free=114780Kb
 bounds [0x00000241da250000, 0x00000241da770000, 0x00000241e1780000]
CodeHeap 'profiled nmethods': size=120000Kb used=16436Kb max_used=16436Kb free=103563Kb
 bounds [0x00000241d2780000, 0x00000241d3790000, 0x00000241d9cb0000]
CodeHeap 'non-nmethods': size=5760Kb used=1423Kb max_used=1482Kb free=4336Kb
 bounds [0x00000241d9cb0000, 0x00000241d9f20000, 0x00000241da250000]
 total_blobs=8163 nmethods=7428 adapters=641
 compilation: enabled
              stopped_count=0, restarted_count=0
 full_count=0

Compilation events (20 events):
Event: 12.353 Thread 0x00000241e5a1c320 7984       3       sun.nio.ch.Util::isBufferTooLarge (15 bytes)
Event: 12.353 Thread 0x00000241e5a1c320 nmethod 7984 0x00000241d377f110 code [0x00000241d377f2a0, 0x00000241d377f3f0]
Event: 12.353 Thread 0x00000241e5a1c320 7985       1       sun.nio.ch.Iocp$CompletionStatus::completionKey (5 bytes)
Event: 12.353 Thread 0x00000241e5a1c320 nmethod 7985 0x00000241da755390 code [0x00000241da755520, 0x00000241da7555e8]
Event: 12.354 Thread 0x00000241e5a1c320 7986       3       com.google.gson.stream.JsonWriter::writeDeferredName (25 bytes)
Event: 12.354 Thread 0x00000241ec867010 nmethod 7896 0x00000241da755690 code [0x00000241da7559e0, 0x00000241da757f20]
Event: 12.354 Thread 0x00000241e5a1c320 nmethod 7986 0x00000241d377f490 code [0x00000241d377f640, 0x00000241d377f820]
Event: 12.354 Thread 0x00000241e5a1c320 7988       3       java.io.Writer::<init> (10 bytes)
Event: 12.354 Thread 0x00000241e5a1c320 nmethod 7988 0x00000241d377f910 code [0x00000241d377fac0, 0x00000241d377fc48]
Event: 12.354 Thread 0x00000241e5a1c320 7992       3       java.util.concurrent.locks.ReentrantReadWriteLock$ReadLock::unlock (10 bytes)
Event: 12.354 Thread 0x00000241ec867010 7956       4       sun.nio.fs.Globs::toRegexPattern (745 bytes)
Event: 12.354 Thread 0x00000241e5a1c320 nmethod 7992 0x00000241d377fd10 code [0x00000241d377fee0, 0x00000241d37801b8]
Event: 12.354 Thread 0x00000241e5a1c320 7987       3       com.google.gson.stream.JsonWriter::beforeValue (139 bytes)
Event: 12.355 Thread 0x00000241e5a1c320 nmethod 7987 0x00000241d3780310 code [0x00000241d37805a0, 0x00000241d3780f38]
Event: 12.355 Thread 0x00000241e5a1c320 7989       1       com.google.gson.stream.JsonWriter::setHtmlSafe (6 bytes)
Event: 12.355 Thread 0x00000241e5a1c320 nmethod 7989 0x00000241da759110 code [0x00000241da7592a0, 0x00000241da759370]
Event: 12.355 Thread 0x00000241e5a1c320 7990       1       com.google.gson.stream.JsonWriter::setSerializeNulls (6 bytes)
Event: 12.355 Thread 0x00000241e5a1c320 nmethod 7990 0x00000241da759410 code [0x00000241da7595a0, 0x00000241da759670]
Event: 12.355 Thread 0x00000241e5a1c320 7991       3       java.io.StringWriter::toString (8 bytes)
Event: 12.355 Thread 0x00000241e5a1c320 nmethod 7991 0x00000241d3781290 code [0x00000241d3781440, 0x00000241d3781580]

GC Heap History (20 events):
Event: 11.997 GC heap after
{Heap after GC invocations=55 (full 2):
 PSYoungGen      total 17920K, used 3071K [0x00000000eab00000, 0x00000000ec280000, 0x0000000100000000)
  eden space 14848K, 0% used [0x00000000eab00000,0x00000000eab00000,0x00000000eb980000)
  from space 3072K, 99% used [0x00000000eb980000,0x00000000ebc7fda8,0x00000000ebc80000)
  to   space 4608K, 0% used [0x00000000ebe00000,0x00000000ebe00000,0x00000000ec280000)
 ParOldGen       total 117760K, used 117390K [0x00000000c0000000, 0x00000000c7300000, 0x00000000eab00000)
  object space 117760K, 99% used [0x00000000c0000000,0x00000000c72a38b8,0x00000000c7300000)
 Metaspace       used 54996K, committed 56320K, reserved 1114112K
  class space    used 5770K, committed 6336K, reserved 1048576K
}
Event: 12.059 GC heap before
{Heap before GC invocations=56 (full 2):
 PSYoungGen      total 17920K, used 17919K [0x00000000eab00000, 0x00000000ec280000, 0x0000000100000000)
  eden space 14848K, 100% used [0x00000000eab00000,0x00000000eb980000,0x00000000eb980000)
  from space 3072K, 99% used [0x00000000eb980000,0x00000000ebc7fda8,0x00000000ebc80000)
  to   space 4608K, 0% used [0x00000000ebe00000,0x00000000ebe00000,0x00000000ec280000)
 ParOldGen       total 117760K, used 117390K [0x00000000c0000000, 0x00000000c7300000, 0x00000000eab00000)
  object space 117760K, 99% used [0x00000000c0000000,0x00000000c72a38b8,0x00000000c7300000)
 Metaspace       used 55225K, committed 56512K, reserved 1114112K
  class space    used 5788K, committed 6336K, reserved 1048576K
}
Event: 12.062 GC heap after
{Heap after GC invocations=56 (full 2):
 PSYoungGen      total 18432K, used 3226K [0x00000000eab00000, 0x00000000ec180000, 0x0000000100000000)
  eden space 14848K, 0% used [0x00000000eab00000,0x00000000eab00000,0x00000000eb980000)
  from space 3584K, 90% used [0x00000000ebe00000,0x00000000ec126a60,0x00000000ec180000)
  to   space 3584K, 0% used [0x00000000eba80000,0x00000000eba80000,0x00000000ebe00000)
 ParOldGen       total 120832K, used 120320K [0x00000000c0000000, 0x00000000c7600000, 0x00000000eab00000)
  object space 120832K, 99% used [0x00000000c0000000,0x00000000c7580130,0x00000000c7600000)
 Metaspace       used 55225K, committed 56512K, reserved 1114112K
  class space    used 5788K, committed 6336K, reserved 1048576K
}
Event: 12.106 GC heap before
{Heap before GC invocations=57 (full 2):
 PSYoungGen      total 18432K, used 18074K [0x00000000eab00000, 0x00000000ec180000, 0x0000000100000000)
  eden space 14848K, 100% used [0x00000000eab00000,0x00000000eb980000,0x00000000eb980000)
  from space 3584K, 90% used [0x00000000ebe00000,0x00000000ec126a60,0x00000000ec180000)
  to   space 3584K, 0% used [0x00000000eba80000,0x00000000eba80000,0x00000000ebe00000)
 ParOldGen       total 120832K, used 120320K [0x00000000c0000000, 0x00000000c7600000, 0x00000000eab00000)
  object space 120832K, 99% used [0x00000000c0000000,0x00000000c7580130,0x00000000c7600000)
 Metaspace       used 55245K, committed 56512K, reserved 1114112K
  class space    used 5788K, committed 6336K, reserved 1048576K
}
Event: 12.109 GC heap after
{Heap after GC invocations=57 (full 2):
 PSYoungGen      total 18432K, used 3078K [0x00000000eab00000, 0x00000000ec080000, 0x0000000100000000)
  eden space 14848K, 0% used [0x00000000eab00000,0x00000000eab00000,0x00000000eb980000)
  from space 3584K, 85% used [0x00000000eba80000,0x00000000ebd81a68,0x00000000ebe00000)
  to   space 2560K, 0% used [0x00000000ebe00000,0x00000000ebe00000,0x00000000ec080000)
 ParOldGen       total 123392K, used 123282K [0x00000000c0000000, 0x00000000c7880000, 0x00000000eab00000)
  object space 123392K, 99% used [0x00000000c0000000,0x00000000c7864bd0,0x00000000c7880000)
 Metaspace       used 55245K, committed 56512K, reserved 1114112K
  class space    used 5788K, committed 6336K, reserved 1048576K
}
Event: 12.146 GC heap before
{Heap before GC invocations=58 (full 2):
 PSYoungGen      total 18432K, used 17926K [0x00000000eab00000, 0x00000000ec080000, 0x0000000100000000)
  eden space 14848K, 100% used [0x00000000eab00000,0x00000000eb980000,0x00000000eb980000)
  from space 3584K, 85% used [0x00000000eba80000,0x00000000ebd81a68,0x00000000ebe00000)
  to   space 2560K, 0% used [0x00000000ebe00000,0x00000000ebe00000,0x00000000ec080000)
 ParOldGen       total 123392K, used 123282K [0x00000000c0000000, 0x00000000c7880000, 0x00000000eab00000)
  object space 123392K, 99% used [0x00000000c0000000,0x00000000c7864bd0,0x00000000c7880000)
 Metaspace       used 55250K, committed 56512K, reserved 1114112K
  class space    used 5788K, committed 6336K, reserved 1048576K
}
Event: 12.149 GC heap after
{Heap after GC invocations=58 (full 2):
 PSYoungGen      total 15360K, used 2548K [0x00000000eab00000, 0x00000000ec680000, 0x0000000100000000)
  eden space 12800K, 0% used [0x00000000eab00000,0x00000000eab00000,0x00000000eb780000)
  from space 2560K, 99% used [0x00000000ebe00000,0x00000000ec07d200,0x00000000ec080000)
  to   space 6656K, 0% used [0x00000000eb780000,0x00000000eb780000,0x00000000ebe00000)
 ParOldGen       total 126976K, used 126756K [0x00000000c0000000, 0x00000000c7c00000, 0x00000000eab00000)
  object space 126976K, 99% used [0x00000000c0000000,0x00000000c7bc92f0,0x00000000c7c00000)
 Metaspace       used 55250K, committed 56512K, reserved 1114112K
  class space    used 5788K, committed 6336K, reserved 1048576K
}
Event: 12.175 GC heap before
{Heap before GC invocations=59 (full 2):
 PSYoungGen      total 15360K, used 15348K [0x00000000eab00000, 0x00000000ec680000, 0x0000000100000000)
  eden space 12800K, 100% used [0x00000000eab00000,0x00000000eb780000,0x00000000eb780000)
  from space 2560K, 99% used [0x00000000ebe00000,0x00000000ec07d200,0x00000000ec080000)
  to   space 6656K, 0% used [0x00000000eb780000,0x00000000eb780000,0x00000000ebe00000)
 ParOldGen       total 126976K, used 126756K [0x00000000c0000000, 0x00000000c7c00000, 0x00000000eab00000)
  object space 126976K, 99% used [0x00000000c0000000,0x00000000c7bc92f0,0x00000000c7c00000)
 Metaspace       used 55298K, committed 56576K, reserved 1114112K
  class space    used 5792K, committed 6336K, reserved 1048576K
}
Event: 12.177 GC heap after
{Heap after GC invocations=59 (full 2):
 PSYoungGen      total 16896K, used 3779K [0x00000000eab00000, 0x00000000ec080000, 0x0000000100000000)
  eden space 12800K, 0% used [0x00000000eab00000,0x00000000eab00000,0x00000000eb780000)
  from space 4096K, 92% used [0x00000000eb780000,0x00000000ebb30db0,0x00000000ebb80000)
  to   space 4608K, 0% used [0x00000000ebc00000,0x00000000ebc00000,0x00000000ec080000)
 ParOldGen       total 129536K, used 129155K [0x00000000c0000000, 0x00000000c7e80000, 0x00000000eab00000)
  object space 129536K, 99% used [0x00000000c0000000,0x00000000c7e20c90,0x00000000c7e80000)
 Metaspace       used 55298K, committed 56576K, reserved 1114112K
  class space    used 5792K, committed 6336K, reserved 1048576K
}
Event: 12.202 GC heap before
{Heap before GC invocations=60 (full 2):
 PSYoungGen      total 16896K, used 16579K [0x00000000eab00000, 0x00000000ec080000, 0x0000000100000000)
  eden space 12800K, 100% used [0x00000000eab00000,0x00000000eb780000,0x00000000eb780000)
  from space 4096K, 92% used [0x00000000eb780000,0x00000000ebb30db0,0x00000000ebb80000)
  to   space 4608K, 0% used [0x00000000ebc00000,0x00000000ebc00000,0x00000000ec080000)
 ParOldGen       total 129536K, used 129155K [0x00000000c0000000, 0x00000000c7e80000, 0x00000000eab00000)
  object space 129536K, 99% used [0x00000000c0000000,0x00000000c7e20c90,0x00000000c7e80000)
 Metaspace       used 55532K, committed 56768K, reserved 1114112K
  class space    used 5803K, committed 6336K, reserved 1048576K
}
Event: 12.205 GC heap after
{Heap after GC invocations=60 (full 2):
 PSYoungGen      total 16384K, used 3506K [0x00000000eab00000, 0x00000000ebf80000, 0x0000000100000000)
  eden space 12800K, 0% used [0x00000000eab00000,0x00000000eab00000,0x00000000eb780000)
  from space 3584K, 97% used [0x00000000ebc00000,0x00000000ebf6c9e8,0x00000000ebf80000)
  to   space 4096K, 0% used [0x00000000eb780000,0x00000000eb780000,0x00000000ebb80000)
 ParOldGen       total 133120K, used 132687K [0x00000000c0000000, 0x00000000c8200000, 0x00000000eab00000)
  object space 133120K, 99% used [0x00000000c0000000,0x00000000c8193cc8,0x00000000c8200000)
 Metaspace       used 55532K, committed 56768K, reserved 1114112K
  class space    used 5803K, committed 6336K, reserved 1048576K
}
Event: 12.233 GC heap before
{Heap before GC invocations=61 (full 2):
 PSYoungGen      total 16384K, used 16306K [0x00000000eab00000, 0x00000000ebf80000, 0x0000000100000000)
  eden space 12800K, 100% used [0x00000000eab00000,0x00000000eb780000,0x00000000eb780000)
  from space 3584K, 97% used [0x00000000ebc00000,0x00000000ebf6c9e8,0x00000000ebf80000)
  to   space 4096K, 0% used [0x00000000eb780000,0x00000000eb780000,0x00000000ebb80000)
 ParOldGen       total 133120K, used 132687K [0x00000000c0000000, 0x00000000c8200000, 0x00000000eab00000)
  object space 133120K, 99% used [0x00000000c0000000,0x00000000c8193cc8,0x00000000c8200000)
 Metaspace       used 55756K, committed 57024K, reserved 1114112K
  class space    used 5815K, committed 6336K, reserved 1048576K
}
Event: 12.236 GC heap after
{Heap after GC invocations=61 (full 2):
 PSYoungGen      total 15872K, used 3010K [0x00000000eab00000, 0x00000000ebe80000, 0x0000000100000000)
  eden space 12800K, 0% used [0x00000000eab00000,0x00000000eab00000,0x00000000eb780000)
  from space 3072K, 97% used [0x00000000eb780000,0x00000000eba70898,0x00000000eba80000)
  to   space 3584K, 0% used [0x00000000ebb00000,0x00000000ebb00000,0x00000000ebe80000)
 ParOldGen       total 136192K, used 135991K [0x00000000c0000000, 0x00000000c8500000, 0x00000000eab00000)
  object space 136192K, 99% used [0x00000000c0000000,0x00000000c84cdfb8,0x00000000c8500000)
 Metaspace       used 55756K, committed 57024K, reserved 1114112K
  class space    used 5815K, committed 6336K, reserved 1048576K
}
Event: 12.265 GC heap before
{Heap before GC invocations=62 (full 2):
 PSYoungGen      total 15872K, used 15810K [0x00000000eab00000, 0x00000000ebe80000, 0x0000000100000000)
  eden space 12800K, 100% used [0x00000000eab00000,0x00000000eb780000,0x00000000eb780000)
  from space 3072K, 97% used [0x00000000eb780000,0x00000000eba70898,0x00000000eba80000)
  to   space 3584K, 0% used [0x00000000ebb00000,0x00000000ebb00000,0x00000000ebe80000)
 ParOldGen       total 136192K, used 135991K [0x00000000c0000000, 0x00000000c8500000, 0x00000000eab00000)
  object space 136192K, 99% used [0x00000000c0000000,0x00000000c84cdfb8,0x00000000c8500000)
 Metaspace       used 55845K, committed 57088K, reserved 1114112K
  class space    used 5820K, committed 6336K, reserved 1048576K
}
Event: 12.268 GC heap after
{Heap after GC invocations=62 (full 2):
 PSYoungGen      total 15872K, used 3016K [0x00000000eab00000, 0x00000000ebe00000, 0x0000000100000000)
  eden space 12800K, 0% used [0x00000000eab00000,0x00000000eab00000,0x00000000eb780000)
  from space 3072K, 98% used [0x00000000ebb00000,0x00000000ebdf22b0,0x00000000ebe00000)
  to   space 3072K, 0% used [0x00000000eb780000,0x00000000eb780000,0x00000000eba80000)
 ParOldGen       total 138752K, used 138624K [0x00000000c0000000, 0x00000000c8780000, 0x00000000eab00000)
  object space 138752K, 99% used [0x00000000c0000000,0x00000000c8760208,0x00000000c8780000)
 Metaspace       used 55845K, committed 57088K, reserved 1114112K
  class space    used 5820K, committed 6336K, reserved 1048576K
}
Event: 12.299 GC heap before
{Heap before GC invocations=63 (full 2):
 PSYoungGen      total 15872K, used 15816K [0x00000000eab00000, 0x00000000ebe00000, 0x0000000100000000)
  eden space 12800K, 100% used [0x00000000eab00000,0x00000000eb780000,0x00000000eb780000)
  from space 3072K, 98% used [0x00000000ebb00000,0x00000000ebdf22b0,0x00000000ebe00000)
  to   space 3072K, 0% used [0x00000000eb780000,0x00000000eb780000,0x00000000eba80000)
 ParOldGen       total 138752K, used 138624K [0x00000000c0000000, 0x00000000c8780000, 0x00000000eab00000)
  object space 138752K, 99% used [0x00000000c0000000,0x00000000c8760208,0x00000000c8780000)
 Metaspace       used 55953K, committed 57216K, reserved 1114112K
  class space    used 5832K, committed 6336K, reserved 1048576K
}
Event: 12.301 GC heap after
{Heap after GC invocations=63 (full 2):
 PSYoungGen      total 15872K, used 2795K [0x00000000eab00000, 0x00000000ebd80000, 0x0000000100000000)
  eden space 12800K, 0% used [0x00000000eab00000,0x00000000eab00000,0x00000000eb780000)
  from space 3072K, 91% used [0x00000000eb780000,0x00000000eba3af88,0x00000000eba80000)
  to   space 3072K, 0% used [0x00000000eba80000,0x00000000eba80000,0x00000000ebd80000)
 ParOldGen       total 141824K, used 141377K [0x00000000c0000000, 0x00000000c8a80000, 0x00000000eab00000)
  object space 141824K, 99% used [0x00000000c0000000,0x00000000c8a10630,0x00000000c8a80000)
 Metaspace       used 55953K, committed 57216K, reserved 1114112K
  class space    used 5832K, committed 6336K, reserved 1048576K
}
Event: 12.326 GC heap before
{Heap before GC invocations=64 (full 2):
 PSYoungGen      total 15872K, used 15595K [0x00000000eab00000, 0x00000000ebd80000, 0x0000000100000000)
  eden space 12800K, 100% used [0x00000000eab00000,0x00000000eb780000,0x00000000eb780000)
  from space 3072K, 91% used [0x00000000eb780000,0x00000000eba3af88,0x00000000eba80000)
  to   space 3072K, 0% used [0x00000000eba80000,0x00000000eba80000,0x00000000ebd80000)
 ParOldGen       total 141824K, used 141377K [0x00000000c0000000, 0x00000000c8a80000, 0x00000000eab00000)
  object space 141824K, 99% used [0x00000000c0000000,0x00000000c8a10630,0x00000000c8a80000)
 Metaspace       used 55992K, committed 57216K, reserved 1114112K
  class space    used 5839K, committed 6336K, reserved 1048576K
}
Event: 12.328 GC heap after
{Heap after GC invocations=64 (full 2):
 PSYoungGen      total 15872K, used 2887K [0x00000000eab00000, 0x00000000ebd80000, 0x0000000100000000)
  eden space 12800K, 0% used [0x00000000eab00000,0x00000000eab00000,0x00000000eb780000)
  from space 3072K, 93% used [0x00000000eba80000,0x00000000ebd51d48,0x00000000ebd80000)
  to   space 3072K, 0% used [0x00000000eb780000,0x00000000eb780000,0x00000000eba80000)
 ParOldGen       total 144384K, used 143968K [0x00000000c0000000, 0x00000000c8d00000, 0x00000000eab00000)
  object space 144384K, 99% used [0x00000000c0000000,0x00000000c8c982b0,0x00000000c8d00000)
 Metaspace       used 55992K, committed 57216K, reserved 1114112K
  class space    used 5839K, committed 6336K, reserved 1048576K
}
Event: 12.358 GC heap before
{Heap before GC invocations=65 (full 2):
 PSYoungGen      total 15872K, used 15687K [0x00000000eab00000, 0x00000000ebd80000, 0x0000000100000000)
  eden space 12800K, 100% used [0x00000000eab00000,0x00000000eb780000,0x00000000eb780000)
  from space 3072K, 93% used [0x00000000eba80000,0x00000000ebd51d48,0x00000000ebd80000)
  to   space 3072K, 0% used [0x00000000eb780000,0x00000000eb780000,0x00000000eba80000)
 ParOldGen       total 144384K, used 143968K [0x00000000c0000000, 0x00000000c8d00000, 0x00000000eab00000)
  object space 144384K, 99% used [0x00000000c0000000,0x00000000c8c982b0,0x00000000c8d00000)
 Metaspace       used 56130K, committed 57408K, reserved 1114112K
  class space    used 5859K, committed 6400K, reserved 1048576K
}

Dll operation events (10 events):
Event: 0.010 Loaded shared library c:\Users\mradu\.vscode\extensions\redhat.java-1.42.0-win32-x64\jre\21.0.7-win32-x86_64\bin\java.dll
Event: 0.082 Loaded shared library c:\Users\mradu\.vscode\extensions\redhat.java-1.42.0-win32-x64\jre\21.0.7-win32-x86_64\bin\zip.dll
Event: 0.104 Loaded shared library C:\Users\mradu\.vscode\extensions\redhat.java-1.42.0-win32-x64\jre\21.0.7-win32-x86_64\bin\instrument.dll
Event: 0.109 Loaded shared library C:\Users\mradu\.vscode\extensions\redhat.java-1.42.0-win32-x64\jre\21.0.7-win32-x86_64\bin\net.dll
Event: 0.112 Loaded shared library C:\Users\mradu\.vscode\extensions\redhat.java-1.42.0-win32-x64\jre\21.0.7-win32-x86_64\bin\nio.dll
Event: 0.115 Loaded shared library C:\Users\mradu\.vscode\extensions\redhat.java-1.42.0-win32-x64\jre\21.0.7-win32-x86_64\bin\zip.dll
Event: 0.139 Loaded shared library C:\Users\mradu\.vscode\extensions\redhat.java-1.42.0-win32-x64\jre\21.0.7-win32-x86_64\bin\jimage.dll
Event: 0.256 Loaded shared library c:\Users\mradu\.vscode\extensions\redhat.java-1.42.0-win32-x64\jre\21.0.7-win32-x86_64\bin\verify.dll
Event: 1.511 Loaded shared library C:\Users\mradu\AppData\Roaming\Code\User\globalStorage\redhat.java\1.42.0\config_win\org.eclipse.equinox.launcher\org.eclipse.equinox.launcher.win32.win32.x86_64_1.2.1300.v20250331-1702\eclipse_11911.dll
Event: 3.084 Loaded shared library C:\Users\mradu\AppData\Local\Temp\jna-104156397\jna702311513701221549.dll

Deoptimization events (20 events):
Event: 12.326 Thread 0x00000241eaa7fb00 DEOPT PACKING pc=0x00000241d36e02d3 sp=0x000000a0228fe5d0
Event: 12.326 Thread 0x00000241eaa7fb00 DEOPT UNPACKING pc=0x00000241d9d04242 sp=0x000000a0228fdb38 mode 0
Event: 12.334 Thread 0x00000241eaa7fb00 DEOPT PACKING pc=0x00000241d36e02d3 sp=0x000000a0228fe5d0
Event: 12.334 Thread 0x00000241eaa7fb00 DEOPT UNPACKING pc=0x00000241d9d04242 sp=0x000000a0228fdb38 mode 0
Event: 12.335 Thread 0x00000241eaa82260 Uncommon trap: trap_request=0xffffff45 fr.pc=0x00000241da69cea8 relative=0x0000000000000dc8
Event: 12.335 Thread 0x00000241eaa82260 Uncommon trap: reason=unstable_if action=reinterpret pc=0x00000241da69cea8 method=org.eclipse.core.runtime.Path.toString()Ljava/lang/String; @ 101 c2
Event: 12.335 Thread 0x00000241eaa82260 DEOPT PACKING pc=0x00000241da69cea8 sp=0x000000a0227ff280
Event: 12.335 Thread 0x00000241eaa82260 DEOPT UNPACKING pc=0x00000241d9d03aa2 sp=0x000000a0227ff248 mode 2
Event: 12.338 Thread 0x00000241eaa82260 Uncommon trap: trap_request=0xffffff45 fr.pc=0x00000241da2cf604 relative=0x0000000000000324
Event: 12.338 Thread 0x00000241eaa82260 Uncommon trap: reason=unstable_if action=reinterpret pc=0x00000241da2cf604 method=java.lang.ThreadLocal$ThreadLocalMap.set(Ljava/lang/ThreadLocal;Ljava/lang/Object;)V @ 116 c2
Event: 12.338 Thread 0x00000241eaa82260 DEOPT PACKING pc=0x00000241da2cf604 sp=0x000000a0227ff390
Event: 12.338 Thread 0x00000241eaa82260 DEOPT UNPACKING pc=0x00000241d9d03aa2 sp=0x000000a0227ff318 mode 2
Event: 12.338 Thread 0x00000241eaa7fb00 DEOPT PACKING pc=0x00000241d36e02d3 sp=0x000000a0228fe5d0
Event: 12.338 Thread 0x00000241eaa7fb00 DEOPT UNPACKING pc=0x00000241d9d04242 sp=0x000000a0228fdb38 mode 0
Event: 12.341 Thread 0x00000241eaa7fb00 DEOPT PACKING pc=0x00000241d36e02d3 sp=0x000000a0228fe5d0
Event: 12.341 Thread 0x00000241eaa7fb00 DEOPT UNPACKING pc=0x00000241d9d04242 sp=0x000000a0228fdb38 mode 0
Event: 12.347 Thread 0x00000241eaa7fb00 DEOPT PACKING pc=0x00000241d36e02d3 sp=0x000000a0228fe5d0
Event: 12.347 Thread 0x00000241eaa7fb00 DEOPT UNPACKING pc=0x00000241d9d04242 sp=0x000000a0228fdb38 mode 0
Event: 12.355 Thread 0x00000241eaa7fb00 DEOPT PACKING pc=0x00000241d36e02d3 sp=0x000000a0228fe5d0
Event: 12.355 Thread 0x00000241eaa7fb00 DEOPT UNPACKING pc=0x00000241d9d04242 sp=0x000000a0228fdb38 mode 0

Classes loaded (20 events):
Event: 11.990 Loading class java/util/TreeMap$TreeMapSpliterator done
Event: 11.990 Loading class java/util/TreeMap$ValueSpliterator done
Event: 12.028 Loading class java/util/concurrent/CompletionException
Event: 12.028 Loading class java/util/concurrent/CompletionException done
Event: 12.031 Loading class java/nio/file/FileTreeWalker$1
Event: 12.031 Loading class java/nio/file/FileTreeWalker$1 done
Event: 12.031 Loading class sun/nio/fs/Globs
Event: 12.031 Loading class sun/nio/fs/Globs done
Event: 12.031 Loading class java/util/regex/Pattern$SliceU
Event: 12.032 Loading class java/util/regex/Pattern$SliceU done
Event: 12.032 Loading class sun/nio/fs/WindowsFileSystem$2
Event: 12.032 Loading class java/nio/file/PathMatcher
Event: 12.033 Loading class java/nio/file/PathMatcher done
Event: 12.033 Loading class sun/nio/fs/WindowsFileSystem$2 done
Event: 12.216 Loading class java/lang/UnsupportedClassVersionError
Event: 12.216 Loading class java/lang/UnsupportedClassVersionError done
Event: 12.336 Loading class java/util/Collections$SynchronizedRandomAccessList
Event: 12.336 Loading class java/util/Collections$SynchronizedList
Event: 12.336 Loading class java/util/Collections$SynchronizedList done
Event: 12.336 Loading class java/util/Collections$SynchronizedRandomAccessList done

Classes unloaded (13 events):
Event: 3.727 Thread 0x00000241e3965120 Unloading class 0x00000241811a5400 'java/lang/invoke/LambdaForm$MH+0x00000241811a5400'
Event: 3.727 Thread 0x00000241e3965120 Unloading class 0x00000241811a5000 'java/lang/invoke/LambdaForm$MH+0x00000241811a5000'
Event: 3.727 Thread 0x00000241e3965120 Unloading class 0x00000241811a4c00 'java/lang/invoke/LambdaForm$MH+0x00000241811a4c00'
Event: 3.727 Thread 0x00000241e3965120 Unloading class 0x00000241811a4800 'java/lang/invoke/LambdaForm$MH+0x00000241811a4800'
Event: 3.727 Thread 0x00000241e3965120 Unloading class 0x00000241811a4400 'java/lang/invoke/LambdaForm$BMH+0x00000241811a4400'
Event: 3.727 Thread 0x00000241e3965120 Unloading class 0x00000241811a4000 'java/lang/invoke/LambdaForm$DMH+0x00000241811a4000'
Event: 3.727 Thread 0x00000241e3965120 Unloading class 0x00000241811a2c00 'java/lang/invoke/LambdaForm$DMH+0x00000241811a2c00'
Event: 5.720 Thread 0x00000241e3965120 Unloading class 0x00000241812e8c00 'java/lang/invoke/LambdaForm$MH+0x00000241812e8c00'
Event: 5.720 Thread 0x00000241e3965120 Unloading class 0x00000241812e8000 'java/lang/invoke/LambdaForm$MH+0x00000241812e8000'
Event: 5.720 Thread 0x00000241e3965120 Unloading class 0x00000241812e7800 'java/lang/invoke/LambdaForm$MH+0x00000241812e7800'
Event: 5.720 Thread 0x00000241e3965120 Unloading class 0x00000241812e7000 'java/lang/invoke/LambdaForm$MH+0x00000241812e7000'
Event: 5.720 Thread 0x00000241e3965120 Unloading class 0x00000241812e6c00 'java/lang/invoke/LambdaForm$DMH+0x00000241812e6c00'
Event: 5.720 Thread 0x00000241e3965120 Unloading class 0x00000241812e6000 'java/lang/invoke/LambdaForm$MH+0x00000241812e6000'

Classes redefined (0 events):
No events

Internal exceptions (20 events):
Event: 12.151 Thread 0x00000241eaa83ca0 Exception <a 'sun/nio/fs/WindowsException'{0x00000000eabe64e0}> (0x00000000eabe64e0) 
thrown [s\src\hotspot\share\prims\jni.cpp, line 520]
Event: 12.152 Thread 0x00000241eaa83ca0 Exception <a 'sun/nio/fs/WindowsException'{0x00000000eabe9980}> (0x00000000eabe9980) 
thrown [s\src\hotspot\share\prims\jni.cpp, line 520]
Event: 12.152 Thread 0x00000241eaa83ca0 Exception <a 'sun/nio/fs/WindowsException'{0x00000000eac573e8}> (0x00000000eac573e8) 
thrown [s\src\hotspot\share\prims\jni.cpp, line 520]
Event: 12.153 Thread 0x00000241eaa83ca0 Exception <a 'sun/nio/fs/WindowsException'{0x00000000eac5a888}> (0x00000000eac5a888) 
thrown [s\src\hotspot\share\prims\jni.cpp, line 520]
Event: 12.153 Thread 0x00000241eaa83ca0 Exception <a 'sun/nio/fs/WindowsException'{0x00000000eacc81d0}> (0x00000000eacc81d0) 
thrown [s\src\hotspot\share\prims\jni.cpp, line 520]
Event: 12.153 Thread 0x00000241eaa83ca0 Exception <a 'sun/nio/fs/WindowsException'{0x00000000eaccb670}> (0x00000000eaccb670) 
thrown [s\src\hotspot\share\prims\jni.cpp, line 520]
Event: 12.153 Thread 0x00000241eaa83ca0 Exception <a 'sun/nio/fs/WindowsException'{0x00000000ead39f10}> (0x00000000ead39f10) 
thrown [s\src\hotspot\share\prims\jni.cpp, line 520]
Event: 12.154 Thread 0x00000241eaa83ca0 Exception <a 'sun/nio/fs/WindowsException'{0x00000000ead3d3b0}> (0x00000000ead3d3b0) 
thrown [s\src\hotspot\share\prims\jni.cpp, line 520]
Event: 12.154 Thread 0x00000241eaa83ca0 Exception <a 'sun/nio/fs/WindowsException'{0x00000000ead40aa8}> (0x00000000ead40aa8) 
thrown [s\src\hotspot\share\prims\jni.cpp, line 520]
Event: 12.155 Thread 0x00000241eaa83ca0 Exception <a 'sun/nio/fs/WindowsException'{0x00000000ead44250}> (0x00000000ead44250) 
thrown [s\src\hotspot\share\prims\jni.cpp, line 520]
Event: 12.155 Thread 0x00000241eaa83ca0 Exception <a 'sun/nio/fs/WindowsException'{0x00000000ead7ca78}> (0x00000000ead7ca78) 
thrown [s\src\hotspot\share\prims\jni.cpp, line 520]
Event: 12.155 Thread 0x00000241eaa83ca0 Exception <a 'sun/nio/fs/WindowsException'{0x00000000ead7ff40}> (0x00000000ead7ff40) 
thrown [s\src\hotspot\share\prims\jni.cpp, line 520]
Event: 12.155 Thread 0x00000241eaa83ca0 Exception <a 'sun/nio/fs/WindowsException'{0x00000000eaded5d8}> (0x00000000eaded5d8) 
thrown [s\src\hotspot\share\prims\jni.cpp, line 520]
Event: 12.156 Thread 0x00000241eaa83ca0 Exception <a 'sun/nio/fs/WindowsException'{0x00000000eadf0550}> (0x00000000eadf0550) 
thrown [s\src\hotspot\share\prims\jni.cpp, line 520]
Event: 12.156 Thread 0x00000241eaa83ca0 Exception <a 'sun/nio/fs/WindowsException'{0x00000000eae28b20}> (0x00000000eae28b20) 
thrown [s\src\hotspot\share\prims\jni.cpp, line 520]
Event: 12.156 Thread 0x00000241eaa83ca0 Exception <a 'sun/nio/fs/WindowsException'{0x00000000eae2bf98}> (0x00000000eae2bf98) 
thrown [s\src\hotspot\share\prims\jni.cpp, line 520]
Event: 12.157 Thread 0x00000241eaa83ca0 Exception <a 'sun/nio/fs/WindowsException'{0x00000000eae99910}> (0x00000000eae99910) 
thrown [s\src\hotspot\share\prims\jni.cpp, line 520]
Event: 12.157 Thread 0x00000241eaa83ca0 Exception <a 'sun/nio/fs/WindowsException'{0x00000000eae9cda8}> (0x00000000eae9cda8) 
thrown [s\src\hotspot\share\prims\jni.cpp, line 520]
Event: 12.233 Thread 0x00000241eaa83ca0 Exception <a 'java/lang/NoSuchMethodError'{0x00000000eb768f88}: 'int java.lang.invoke.Invokers$Holder.invokeExact_MT(java.lang.Object, java.lang.Object)'> (0x00000000eb768f88) 
thrown [s\src\hotspot\share\interpreter\linkResolver.cpp, line 773]
Event: 12.347 Thread 0x00000241ec7dbd60 Exception <a 'java/lang/IncompatibleClassChangeError'{0x00000000eb290c28}: Found class java.lang.Object, but interface was expected> (0x00000000eb290c28) 
thrown [s\src\hotspot\share\interpreter\linkResolver.cpp, line 840]

ZGC Phase Switch (0 events):
No events

VM Operations (20 events):
Event: 12.062 Executing VM operation: ParallelGCFailedAllocation (Allocation Failure) done
Event: 12.106 Executing VM operation: ParallelGCFailedAllocation (Allocation Failure)
Event: 12.109 Executing VM operation: ParallelGCFailedAllocation (Allocation Failure) done
Event: 12.146 Executing VM operation: ParallelGCFailedAllocation (Allocation Failure)
Event: 12.149 Executing VM operation: ParallelGCFailedAllocation (Allocation Failure) done
Event: 12.175 Executing VM operation: ParallelGCFailedAllocation (Allocation Failure)
Event: 12.177 Executing VM operation: ParallelGCFailedAllocation (Allocation Failure) done
Event: 12.202 Executing VM operation: ParallelGCFailedAllocation (Allocation Failure)
Event: 12.205 Executing VM operation: ParallelGCFailedAllocation (Allocation Failure) done
Event: 12.233 Executing VM operation: ParallelGCFailedAllocation (Allocation Failure)
Event: 12.236 Executing VM operation: ParallelGCFailedAllocation (Allocation Failure) done
Event: 12.256 Executing VM operation: HandshakeAllThreads (Deoptimize)
Event: 12.256 Executing VM operation: HandshakeAllThreads (Deoptimize) done
Event: 12.265 Executing VM operation: ParallelGCFailedAllocation (Allocation Failure)
Event: 12.268 Executing VM operation: ParallelGCFailedAllocation (Allocation Failure) done
Event: 12.299 Executing VM operation: ParallelGCFailedAllocation (Allocation Failure)
Event: 12.301 Executing VM operation: ParallelGCFailedAllocation (Allocation Failure) done
Event: 12.326 Executing VM operation: ParallelGCFailedAllocation (Allocation Failure)
Event: 12.328 Executing VM operation: ParallelGCFailedAllocation (Allocation Failure) done
Event: 12.358 Executing VM operation: ParallelGCFailedAllocation (Allocation Failure)

Memory protections (0 events):
No events

Nmethod flushes (20 events):
Event: 5.728 Thread 0x00000241e3965120 flushing  nmethod 0x00000241d2df7d90
Event: 5.728 Thread 0x00000241e3965120 flushing  nmethod 0x00000241d2df8190
Event: 5.728 Thread 0x00000241e3965120 flushing  nmethod 0x00000241d2df8a90
Event: 5.728 Thread 0x00000241e3965120 flushing  nmethod 0x00000241d2df9c90
Event: 5.728 Thread 0x00000241e3965120 flushing  nmethod 0x00000241d2dfa490
Event: 5.728 Thread 0x00000241e3965120 flushing  nmethod 0x00000241d2dfc190
Event: 5.728 Thread 0x00000241e3965120 flushing  nmethod 0x00000241d2dfcd10
Event: 5.728 Thread 0x00000241e3965120 flushing  nmethod 0x00000241d2dfd610
Event: 5.728 Thread 0x00000241e3965120 flushing  nmethod 0x00000241d2dfe710
Event: 5.728 Thread 0x00000241e3965120 flushing  nmethod 0x00000241d2dfeb90
Event: 5.728 Thread 0x00000241e3965120 flushing  nmethod 0x00000241d2dff790
Event: 5.728 Thread 0x00000241e3965120 flushing  nmethod 0x00000241d2dffa90
Event: 5.728 Thread 0x00000241e3965120 flushing  nmethod 0x00000241d2e00290
Event: 5.728 Thread 0x00000241e3965120 flushing  nmethod 0x00000241d2e01110
Event: 5.728 Thread 0x00000241e3965120 flushing  nmethod 0x00000241d2e0ac10
Event: 5.728 Thread 0x00000241e3965120 flushing  nmethod 0x00000241d2e42d90
Event: 5.728 Thread 0x00000241e3965120 flushing  nmethod 0x00000241d2e4a290
Event: 5.728 Thread 0x00000241e3965120 flushing  nmethod 0x00000241d2e89390
Event: 5.728 Thread 0x00000241e3965120 flushing  nmethod 0x00000241d2eca710
Event: 5.728 Thread 0x00000241e3965120 flushing  nmethod 0x00000241d2eee790

Events (20 events):
Event: 8.593 Thread 0x00000241eaa83ca0 Thread added: 0x00000241ec7db040
Event: 8.593 Thread 0x00000241eaa83ca0 Thread added: 0x00000241ec7da320
Event: 8.593 Thread 0x00000241eaa83ca0 Thread added: 0x00000241ec7da9b0
Event: 8.593 Thread 0x00000241eaa83ca0 Thread added: 0x00000241ec7dca80
Event: 8.594 Thread 0x00000241eaa83ca0 Thread added: 0x00000241ec7d9600
Event: 8.594 Thread 0x00000241eaa83ca0 Thread added: 0x00000241ec7dd110
Event: 8.594 Thread 0x00000241eaa83ca0 Thread added: 0x00000241ec7d9c90
Event: 8.594 Thread 0x00000241eaa83ca0 Thread added: 0x00000241ec7deb50
Event: 8.708 Thread 0x00000241eaa81540 Thread exited: 0x00000241eaa81540
Event: 9.366 Thread 0x00000241eaa83ca0 Thread added: 0x00000241ec7dd7a0
Event: 10.864 Thread 0x00000241eaa83ca0 Thread added: 0x00000241ec7df870
Event: 10.887 Thread 0x00000241eaa83ca0 Thread added: 0x00000241ec7dff00
Event: 10.887 Thread 0x00000241eaa83ca0 Thread added: 0x00000241ec7e0590
Event: 10.887 Thread 0x00000241eaa83ca0 Thread added: 0x00000241ec7dde30
Event: 10.901 Thread 0x00000241eaa83ca0 Thread added: 0x00000241ec7de4c0
Event: 10.901 Thread 0x00000241eaa83ca0 Thread added: 0x00000241ec7df1e0
Event: 10.901 Thread 0x00000241eaa83ca0 Thread added: 0x00000241eaa81540
Event: 10.901 Thread 0x00000241eaa83ca0 Thread added: 0x00000241ed877730
Event: 10.901 Thread 0x00000241eaa83ca0 Thread added: 0x00000241ed879170
Event: 10.912 Thread 0x00000241eaa83ca0 Thread added: 0x00000241ed878ae0


Dynamic libraries:
0x00007ff672420000 - 0x00007ff67242e000 	c:\Users\mradu\.vscode\extensions\redhat.java-1.42.0-win32-x64\jre\21.0.7-win32-x86_64\bin\java.exe
0x00007ffbe75c0000 - 0x00007ffbe7825000 	C:\WINDOWS\SYSTEM32\ntdll.dll
0x00007ffbe6300000 - 0x00007ffbe63c9000 	C:\WINDOWS\System32\KERNEL32.DLL
0x00007ffbe4d50000 - 0x00007ffbe5138000 	C:\WINDOWS\System32\KERNELBASE.dll
0x00007ffbe4a10000 - 0x00007ffbe4b5b000 	C:\WINDOWS\System32\ucrtbase.dll
0x00007ffb958e0000 - 0x00007ffb958fe000 	c:\Users\mradu\.vscode\extensions\redhat.java-1.42.0-win32-x64\jre\21.0.7-win32-x86_64\bin\VCRUNTIME140.dll
0x00007ffb95640000 - 0x00007ffb95658000 	c:\Users\mradu\.vscode\extensions\redhat.java-1.42.0-win32-x64\jre\21.0.7-win32-x86_64\bin\jli.dll
0x00007ffbe6130000 - 0x00007ffbe62fa000 	C:\WINDOWS\System32\USER32.dll
0x00007ffbc2ec0000 - 0x00007ffbc315a000 	C:\WINDOWS\WinSxS\amd64_microsoft.windows.common-controls_6595b64144ccf1df_6.0.26100.4202_none_3e0698d4e335f517\COMCTL32.dll
0x00007ffbe51e0000 - 0x00007ffbe5207000 	C:\WINDOWS\System32\win32u.dll
0x00007ffbe63d0000 - 0x00007ffbe63fb000 	C:\WINDOWS\System32\GDI32.dll
0x00007ffbe5750000 - 0x00007ffbe57f9000 	C:\WINDOWS\System32\msvcrt.dll
0x00007ffbe4c10000 - 0x00007ffbe4d47000 	C:\WINDOWS\System32\gdi32full.dll
0x00007ffbe4b60000 - 0x00007ffbe4c03000 	C:\WINDOWS\System32\msvcp_win.dll
0x00007ffbe5f30000 - 0x00007ffbe5f60000 	C:\WINDOWS\System32\IMM32.DLL
0x00007ffbb23e0000 - 0x00007ffbb23ec000 	c:\Users\mradu\.vscode\extensions\redhat.java-1.42.0-win32-x64\jre\21.0.7-win32-x86_64\bin\vcruntime140_1.dll
0x00007ffb5fbc0000 - 0x00007ffb5fc4d000 	c:\Users\mradu\.vscode\extensions\redhat.java-1.42.0-win32-x64\jre\21.0.7-win32-x86_64\bin\msvcp140.dll
0x00007ffb407b0000 - 0x00007ffb41540000 	c:\Users\mradu\.vscode\extensions\redhat.java-1.42.0-win32-x64\jre\21.0.7-win32-x86_64\bin\server\jvm.dll
0x00007ffbe74c0000 - 0x00007ffbe7573000 	C:\WINDOWS\System32\ADVAPI32.dll
0x00007ffbe6080000 - 0x00007ffbe6126000 	C:\WINDOWS\System32\sechost.dll
0x00007ffbe5580000 - 0x00007ffbe5695000 	C:\WINDOWS\System32\RPCRT4.dll
0x00007ffbe5800000 - 0x00007ffbe5874000 	C:\WINDOWS\System32\WS2_32.dll
0x00007ffbe3310000 - 0x00007ffbe336e000 	C:\WINDOWS\SYSTEM32\POWRPROF.dll
0x00007ffbdb9c0000 - 0x00007ffbdb9cb000 	C:\WINDOWS\SYSTEM32\VERSION.dll
0x00007ffbd8a30000 - 0x00007ffbd8a65000 	C:\WINDOWS\SYSTEM32\WINMM.dll
0x00007ffbe32f0000 - 0x00007ffbe3304000 	C:\WINDOWS\SYSTEM32\UMPDC.dll
0x00007ffbe35d0000 - 0x00007ffbe35eb000 	C:\WINDOWS\SYSTEM32\kernel.appcore.dll
0x00007ffba4a50000 - 0x00007ffba4a5a000 	c:\Users\mradu\.vscode\extensions\redhat.java-1.42.0-win32-x64\jre\21.0.7-win32-x86_64\bin\jimage.dll
0x00007ffbe1870000 - 0x00007ffbe1ab1000 	C:\WINDOWS\SYSTEM32\DBGHELP.DLL
0x00007ffbe58a0000 - 0x00007ffbe5c25000 	C:\WINDOWS\System32\combase.dll
0x00007ffbe5490000 - 0x00007ffbe5571000 	C:\WINDOWS\System32\OLEAUT32.dll
0x00007ffbb6960000 - 0x00007ffbb6999000 	C:\WINDOWS\SYSTEM32\dbgcore.DLL
0x00007ffbe5140000 - 0x00007ffbe51d9000 	C:\WINDOWS\System32\bcryptPrimitives.dll
0x00007ffba40e0000 - 0x00007ffba40ef000 	c:\Users\mradu\.vscode\extensions\redhat.java-1.42.0-win32-x64\jre\21.0.7-win32-x86_64\bin\instrument.dll
0x00007ffb953f0000 - 0x00007ffb9540f000 	c:\Users\mradu\.vscode\extensions\redhat.java-1.42.0-win32-x64\jre\21.0.7-win32-x86_64\bin\java.dll
0x00007ffbe6a70000 - 0x00007ffbe71b2000 	C:\WINDOWS\System32\SHELL32.dll
0x00007ffbe4890000 - 0x00007ffbe4a04000 	C:\WINDOWS\System32\wintypes.dll
0x00007ffbe2370000 - 0x00007ffbe2bc7000 	C:\WINDOWS\SYSTEM32\windows.storage.dll
0x00007ffbe5f70000 - 0x00007ffbe6061000 	C:\WINDOWS\System32\SHCORE.dll
0x00007ffbe71c0000 - 0x00007ffbe722a000 	C:\WINDOWS\System32\shlwapi.dll
0x00007ffbe4620000 - 0x00007ffbe464f000 	C:\WINDOWS\SYSTEM32\profapi.dll
0x00007ffb924f0000 - 0x00007ffb92508000 	c:\Users\mradu\.vscode\extensions\redhat.java-1.42.0-win32-x64\jre\21.0.7-win32-x86_64\bin\zip.dll
0x00007ffb99f50000 - 0x00007ffb99f60000 	C:\Users\mradu\.vscode\extensions\redhat.java-1.42.0-win32-x64\jre\21.0.7-win32-x86_64\bin\net.dll
0x00007ffbdc860000 - 0x00007ffbdc97e000 	C:\WINDOWS\SYSTEM32\WINHTTP.dll
0x00007ffbe3b60000 - 0x00007ffbe3bca000 	C:\WINDOWS\system32\mswsock.dll
0x00007ffb90c80000 - 0x00007ffb90c96000 	C:\Users\mradu\.vscode\extensions\redhat.java-1.42.0-win32-x64\jre\21.0.7-win32-x86_64\bin\nio.dll
0x00007ffb99860000 - 0x00007ffb99870000 	c:\Users\mradu\.vscode\extensions\redhat.java-1.42.0-win32-x64\jre\21.0.7-win32-x86_64\bin\verify.dll
0x00007ffb89230000 - 0x00007ffb89275000 	C:\Users\mradu\AppData\Roaming\Code\User\globalStorage\redhat.java\1.42.0\config_win\org.eclipse.equinox.launcher\org.eclipse.equinox.launcher.win32.win32.x86_64_1.2.1300.v20250331-1702\eclipse_11911.dll
0x00007ffbe72c0000 - 0x00007ffbe745e000 	C:\WINDOWS\System32\ole32.dll
0x00007ffbe3e10000 - 0x00007ffbe3e2b000 	C:\WINDOWS\SYSTEM32\CRYPTSP.dll
0x00007ffbe3530000 - 0x00007ffbe356a000 	C:\WINDOWS\system32\rsaenh.dll
0x00007ffbe3c00000 - 0x00007ffbe3c2b000 	C:\WINDOWS\SYSTEM32\USERENV.dll
0x00007ffbe45f0000 - 0x00007ffbe4616000 	C:\WINDOWS\SYSTEM32\bcrypt.dll
0x00007ffbe3e30000 - 0x00007ffbe3e3c000 	C:\WINDOWS\SYSTEM32\CRYPTBASE.dll
0x00007ffbe2f40000 - 0x00007ffbe2f73000 	C:\WINDOWS\SYSTEM32\IPHLPAPI.DLL
0x00007ffbe6070000 - 0x00007ffbe607a000 	C:\WINDOWS\System32\NSI.dll
0x00007ffb5b930000 - 0x00007ffb5b979000 	C:\Users\mradu\AppData\Local\Temp\jna-104156397\jna702311513701221549.dll
0x00007ffbe74b0000 - 0x00007ffbe74b8000 	C:\WINDOWS\System32\PSAPI.DLL
0x00007ffbdc820000 - 0x00007ffbdc83f000 	C:\WINDOWS\SYSTEM32\dhcpcsvc6.DLL
0x00007ffbdc7f0000 - 0x00007ffbdc815000 	C:\WINDOWS\SYSTEM32\dhcpcsvc.DLL

dbghelp: loaded successfully - version: 4.0.5 - missing functions: none
symbol engine: initialized successfully - sym options: 0x614 - pdb path: .;c:\Users\mradu\.vscode\extensions\redhat.java-1.42.0-win32-x64\jre\21.0.7-win32-x86_64\bin;C:\WINDOWS\SYSTEM32;C:\WINDOWS\WinSxS\amd64_microsoft.windows.common-controls_6595b64144ccf1df_6.0.26100.4202_none_3e0698d4e335f517;c:\Users\mradu\.vscode\extensions\redhat.java-1.42.0-win32-x64\jre\21.0.7-win32-x86_64\bin\server;C:\Users\mradu\AppData\Roaming\Code\User\globalStorage\redhat.java\1.42.0\config_win\org.eclipse.equinox.launcher\org.eclipse.equinox.launcher.win32.win32.x86_64_1.2.1300.v20250331-1702;C:\Users\mradu\AppData\Local\Temp\jna-104156397

VM Arguments:
jvm_args: --add-modules=ALL-SYSTEM --add-opens=java.base/java.util=ALL-UNNAMED --add-opens=java.base/java.lang=ALL-UNNAMED --add-opens=java.base/sun.nio.fs=ALL-UNNAMED -Declipse.application=org.eclipse.jdt.ls.core.id1 -Dosgi.bundles.defaultStartLevel=4 -Declipse.product=org.eclipse.jdt.ls.core.product -Djava.import.generatesMetadataFilesAtProjectRoot=false -DDetectVMInstallationsJob.disabled=true -Dfile.encoding=utf8 -XX:+UseParallelGC -XX:GCTimeRatio=4 -XX:AdaptiveSizePolicyWeight=90 -Dsun.zip.disableMemoryMapping=true -Xmx1G -Xms100m -Xlog:disable -javaagent:c:\Users\mradu\.vscode\extensions\redhat.java-1.42.0-win32-x64\lombok\lombok-1.18.36.jar -XX:+HeapDumpOnOutOfMemoryError -XX:HeapDumpPath=c:\Users\mradu\AppData\Roaming\Code\User\workspaceStorage\5193d10c7c1b1c90cb3d37a2dbb28df4\redhat.java -Daether.dependencyCollector.impl=bf 
java_command: c:\Users\mradu\.vscode\extensions\redhat.java-1.42.0-win32-x64\server\plugins\org.eclipse.equinox.launcher_1.7.0.v20250424-1814.jar -configuration c:\Users\mradu\AppData\Roaming\Code\User\globalStorage\redhat.java\1.42.0\config_win -data c:\Users\mradu\AppData\Roaming\Code\User\workspaceStorage\5193d10c7c1b1c90cb3d37a2dbb28df4\redhat.java\jdt_ws --pipe=\\.\pipe\lsp-d2508342508bb9043f84ec7304aa2b02-sock
java_class_path (initial): c:\Users\mradu\.vscode\extensions\redhat.java-1.42.0-win32-x64\server\plugins\org.eclipse.equinox.launcher_1.7.0.v20250424-1814.jar
Launcher Type: SUN_STANDARD

[Global flags]
    uintx AdaptiveSizePolicyWeight                 = 90                                        {product} {command line}
     intx CICompilerCount                          = 4                                         {product} {ergonomic}
    uintx GCTimeRatio                              = 4                                         {product} {command line}
     bool HeapDumpOnOutOfMemoryError               = true                                   {manageable} {command line}
    ccstr HeapDumpPath                             = c:\Users\mradu\AppData\Roaming\Code\User\workspaceStorage\5193d10c7c1b1c90cb3d37a2dbb28df4\redhat.java         {manageable} {command line}
   size_t InitialHeapSize                          = 104857600                                 {product} {command line}
   size_t MaxHeapSize                              = 1073741824                                {product} {command line}
   size_t MaxNewSize                               = 357564416                                 {product} {ergonomic}
   size_t MinHeapDeltaBytes                        = 524288                                    {product} {ergonomic}
   size_t MinHeapSize                              = 104857600                                 {product} {command line}
   size_t NewSize                                  = 34603008                                  {product} {ergonomic}
    uintx NonNMethodCodeHeapSize                   = 5839372                                {pd product} {ergonomic}
    uintx NonProfiledCodeHeapSize                  = 122909434                              {pd product} {ergonomic}
   size_t OldSize                                  = 70254592                                  {product} {ergonomic}
    uintx ProfiledCodeHeapSize                     = 122909434                              {pd product} {ergonomic}
    uintx ReservedCodeCacheSize                    = 251658240                              {pd product} {ergonomic}
     bool SegmentedCodeCache                       = true                                      {product} {ergonomic}
   size_t SoftMaxHeapSize                          = 1073741824                             {manageable} {ergonomic}
     bool UseCompressedOops                        = true                           {product lp64_product} {ergonomic}
     bool UseLargePagesIndividualAllocation        = false                                  {pd product} {ergonomic}
     bool UseParallelGC                            = true                                      {product} {command line}

Logging:
Log output configuration:
 #0: stdout all=off uptime,level,tags foldmultilines=false
 #1: stderr all=off uptime,level,tags foldmultilines=false

Environment Variables:
JAVA_HOME=C:\Users\mradu\AppData\Local\Programs\Eclipse Adoptium\jdk-17.0.11.9-hotspot\
PATH=C:\Python313\Scripts\;C:\Python313\;C:\Program Files\Common Files\Oracle\Java\javapath;C:\Windows\system32;C:\Windows;C:\Windows\System32\Wbem;C:\Windows\System32\WindowsPowerShell\v1.0\;C:\Windows\System32\OpenSSH\;C:\Program Files (x86)\NVIDIA Corporation\PhysX\Common;C:\Program Files\NVIDIA Corporation\NVIDIA NvDLISR;C:\Program Files\Java\jdk-22\bin;C:\Program Files\Git\cmd;C:\WINDOWS\system32;C:\WINDOWS;C:\WINDOWS\System32\Wbem;C:\WINDOWS\System32\WindowsPowerShell\v1.0\;C:\WINDOWS\System32\OpenSSH\;C:\ProgramData\chocolatey\bin;C:\Program Files\nodejs\;C:\Users\mradu\AppData\Local\Programs\Eclipse Adoptium\jdk-17.0.11.9-hotspot\bin;C:\Users\mradu\AppData\Local\Microsoft\WindowsApps;C:\Users\mradu\AppData\Local\Programs\Microsoft VS Code\bin;C:\Users\mradu\AppData\Local\GitHubDesktop\bin;C:\Program Files\nodejs\node_modules\npm\bin;C:\Users\mradu\AppData\Roaming\npm;C:\Program Files\mongosh\
USERNAME=mradu
OS=Windows_NT
PROCESSOR_IDENTIFIER=Intel64 Family 6 Model 186 Stepping 2, GenuineIntel
TMP=C:\Users\mradu\AppData\Local\Temp
TEMP=C:\Users\mradu\AppData\Local\Temp




Periodic native trim disabled

---------------  S Y S T E M  ---------------

OS:
 Windows 11 , 64 bit Build 26100 (10.0.26100.4202)
OS uptime: 0 days 0:53 hours
Hyper-V role detected

CPU: total 12 (initial active 12) (6 cores per cpu, 2 threads per core) family 6 model 186 stepping 2 microcode 0x5103, cx8, cmov, fxsr, ht, mmx, 3dnowpref, sse, sse2, sse3, ssse3, sse4.1, sse4.2, popcnt, lzcnt, tsc, tscinvbit, avx, avx2, aes, erms, clmul, bmi1, bmi2, adx, sha, fma, vzeroupper, clflush, clflushopt, clwb, hv, serialize, rdtscp, rdpid, fsrm, f16c, cet_ibt, cet_ss
Processor Information for processor 0
  Max Mhz: 2100, Current Mhz: 2100, Mhz Limit: 2100
Processor Information for processor 1
  Max Mhz: 2100, Current Mhz: 2100, Mhz Limit: 2100
Processor Information for processor 2
  Max Mhz: 2100, Current Mhz: 2100, Mhz Limit: 2100
Processor Information for processor 3
  Max Mhz: 2100, Current Mhz: 2100, Mhz Limit: 2100
Processor Information for processor 4
  Max Mhz: 2100, Current Mhz: 2100, Mhz Limit: 2100
Processor Information for processor 5
  Max Mhz: 2100, Current Mhz: 2100, Mhz Limit: 2100
Processor Information for processor 6
  Max Mhz: 2100, Current Mhz: 1453, Mhz Limit: 2100
Processor Information for processor 7
  Max Mhz: 2100, Current Mhz: 1453, Mhz Limit: 2100
Processor Information for processor 8
  Max Mhz: 2100, Current Mhz: 1540, Mhz Limit: 2100
Processor Information for processor 9
  Max Mhz: 2100, Current Mhz: 1540, Mhz Limit: 2100
Processor Information for processor 10
  Max Mhz: 2100, Current Mhz: 1540, Mhz Limit: 2100
Processor Information for processor 11
  Max Mhz: 2100, Current Mhz: 1540, Mhz Limit: 2100

Memory: 4k page, system-wide physical 16087M (3656M free)
TotalPageFile size 16087M (AvailPageFile size 2M)
current process WorkingSet (physical memory assigned to process): 436M, peak: 436M
current process commit charge ("private bytes"): 440M, peak: 440M

vm_info: OpenJDK 64-Bit Server VM (21.0.7+6-LTS) for windows-amd64 JRE (21.0.7+6-LTS), built on 2025-04-15T00:00:00Z by "admin" with MS VC++ 17.7 (VS2022)

END.
